ERROR	2023/04/30 23:35:23 logger.go:53: no such table: post
tination arguments in Scan, not 7
ERROR	2023/04/30 20:50:43 logger.go:53: sql: expected 10 destination arguments in Scan, not 7
ERROR	2023/04/30 17:40:28 logger.go:53: asdasd
 get cookie: http: named cookie not present
ERROR	2023/04/30 07:06:20 logger.go:53: failed to get cookie: http: named cookie not present
ERROR	2023/04/30 07:06:20 logger.go:53: failed to get cookie: http: named cookie not present
ERROR	2023/04/30 07:06:20 logger.go:53: failed to get cookie: http: named cookie not present
ERROR	2023/04/30 07:06:20 logger.go:53: failed to get cookie: http: named cookie not present
ERROR	2023/04/30 07:06:20 logger.go:53: failed to get cookie: http: named cookie not present
ERROR	2023/04/30 07:06:20 logger.go:53: failed to get cookie: http: named cookie not present
ERROR	2023/04/30 07:06:20 logger.go:53: failed to get cookie: http: named cookie not present
ERROR	2023/04/30 07:06:20 logger.go:53: failed to get cookie: http: named cookie not present
ERROR	2023/04/30 07:06:20 logger.go:53: failed to get cookie: http: named cookie not present
ERROR	2023/04/30 07:06:20 logger.go:53: failed to get cookie: http: named cookie not present
ERROR	2023/04/30 07:06:20 logger.go:53: failed to get cookie: http: named cookie not present
ERROR	2023/04/30 07:06:20 logger.go:53: failed to get cookie: http: named cookie not present
ERROR	2023/04/30 07:06:20 logger.go:53: failed to get cookie: http: named cookie not present
ERROR	2023/04/30 07:06:20 logger.go:53: failed to get cookie: http: named cookie not present
ERROR	2023/04/30 07:06:20 logger.go:53: failed to get cookie: http: named cookie not present
ERROR	2023/04/30 07:06:20 logger.go:53: failed to get cookie: http: named cookie not present
ERROR	2023/04/30 07:06:20 logger.go:53: failed to get cookie: http: named cookie not present
ERROR	2023/04/30 07:06:30 logger.go:53: failed to get cookie: http: named cookie not present
ERROR	2023/04/30 07:06:30 logger.go:53: failed to get cookie: http: named cookie not present
ERROR	2023/04/30 07:06:30 logger.go:53: failed to get cookie: http: named cookie not present
ERROR	2023/04/30 07:06:30 logger.go:53: failed to get cookie: http: named cookie not present
ERROR	2023/04/30 07:06:30 logger.go:53: failed to get cookie: http: named cookie not present
ERROR	2023/04/30 07:06:30 logger.go:53: failed to get cookie: http: named cookie not present
ERROR	2023/04/30 07:06:30 logger.go:53: failed to get cookie: http: named cookie not present
ERROR	2023/04/30 07:06:30 logger.go:53: failed to get cookie: http: named cookie not present
ERROR	2023/04/30 07:06:31 logger.go:53: failed to get cookie: http: named cookie not present
ERROR	2023/04/30 07:06:31 logger.go:53: failed to get cookie: http: named cookie not present
ERROR	2023/04/30 07:06:31 logger.go:53: failed to get cookie: http: named cookie not present
ERROR	2023/04/30 07:06:31 logger.go:53: failed to get cookie: http: named cookie not present
ERROR	2023/04/30 07:06:31 logger.go:53: failed to get cookie: http: named cookie not present
ERROR	2023/04/30 07:06:31 logger.go:53: failed to get cookie: http: named cookie not present
ERROR	2023/04/30 07:06:31 logger.go:53: failed to get cookie: http: named cookie not present
ERROR	2023/04/30 07:06:31 logger.go:53: failed to get cookie: http: named cookie not present
ERROR	2023/04/30 07:06:31 logger.go:53: failed to get cookie: http: named cookie not present
ERROR	2023/04/30 07:06:31 logger.go:53: failed to get cookie: http: named cookie not present
ERROR	2023/04/30 07:06:31 logger.go:53: failed to get cookie: http: named cookie not present
ERROR	2023/04/30 07:06:31 logger.go:53: failed to get cookie: http: named cookie not present
ERROR	2023/04/30 07:06:31 logger.go:53: failed to get cookie: http: named cookie not present
ERROR	2023/04/30 07:06:32 logger.go:53: failed to get cookie: http: named cookie not present
ERROR	2023/04/30 07:06:32 logger.go:53: failed to get cookie: http: named cookie not present
ERROR	2023/04/30 07:06:32 logger.go:53: failed to get cookie: http: named cookie not present
ERROR	2023/04/30 07:06:32 logger.go:53: failed to get cookie: http: named cookie not present
ERROR	2023/04/30 07:06:32 logger.go:53: failed to get cookie: http: named cookie not present
ERROR	2023/04/30 07:06:32 logger.go:53: failed to get cookie: http: named cookie not present
ERROR	2023/04/30 07:06:32 logger.go:53: failed to get cookie: http: named cookie not present
ERROR	2023/04/30 07:06:32 logger.go:53: failed to get cookie: http: named cookie not present
ERROR	2023/04/30 07:06:32 logger.go:53: failed to get cookie: http: named cookie not present
ERROR	2023/04/30 07:06:32 logger.go:53: failed to get cookie: http: named cookie not present
ERROR	2023/04/30 07:06:32 logger.go:53: failed to get cookie: http: named cookie not present
ERROR	2023/04/30 07:06:32 logger.go:53: failed to get cookie: http: named cookie not present
ERROR	2023/04/30 07:06:32 logger.go:53: failed to get cookie: http: named cookie not present
ERROR	2023/04/30 07:06:32 logger.go:53: failed to get cookie: http: named cookie not present
ERROR	2023/04/30 07:06:32 logger.go:53: failed to get cookie: http: named cookie not present
ERROR	2023/04/30 07:06:32 logger.go:53: failed to get cookie: http: named cookie not present
ERROR	2023/04/30 07:06:32 logger.go:53: failed to get cookie: http: named cookie not present
ERROR	2023/04/30 07:06:32 logger.go:53: failed to get cookie: http: named cookie not present
ERROR	2023/04/30 07:06:32 logger.go:53: failed to get cookie: http: named cookie not present
ERROR	2023/04/30 07:06:32 logger.go:53: failed to get cookie: http: named cookie not present
ERROR	2023/04/30 07:06:32 logger.go:53: failed to get cookie: http: named cookie not present
